<?xml version="1.0" encoding="UTF-8"?>
<!-- Generated by org.testng.reporters.JUnitReportReporter -->
<testsuite skipped="0" hostname="LAPTOP-CGAD29A5" name="Testcases.Beginhomepage" tests="1" failures="0" timestamp="2021-12-18T14:42:04 IST" time="14.932" errors="0">
  <testcase name="BeginPage" time="14.932" classname="Testcases.Beginhomepage"/>
  <system-out/>
</testsuite> <!-- Testcases.Beginhomepage -->
